2026-06-17 17:40:02,928 - INFO - Starting Valid Login Test
2026-06-17 17:40:04,068 - INFO - Entering valid credentials
2026-06-17 17:40:04,069 - INFO - Entering Username : standard_user
2026-06-17 17:40:04,393 - INFO - Entering Password
2026-06-17 17:40:04,548 - INFO - Clicking Login Button
2026-06-17 17:40:04,797 - INFO - Verifying successful login
2026-06-17 17:40:04,809 - INFO - Valid Login Test Passed
2026-06-17 17:40:09,282 - INFO - Starting Invalid Login Test
2026-06-17 17:40:10,145 - INFO - Entering invalid credentials
2026-06-17 17:40:10,145 - INFO - Entering Username : wrong_user
2026-06-17 17:40:10,483 - INFO - Entering Password
2026-06-17 17:40:10,639 - INFO - Clicking Login Button
2026-06-17 17:40:10,768 - INFO - Verifying error message
2026-06-17 17:40:10,803 - INFO - Invalid Login Test Passed
2026-06-17 17:40:14,890 - INFO - Starting Blank Username Test
2026-06-17 17:40:15,225 - INFO - Entering Username : 
2026-06-17 17:40:16,209 - INFO - Entering Password
2026-06-17 17:40:16,388 - INFO - Clicking Login Button
2026-06-17 17:40:16,509 - INFO - Verifying username required error
2026-06-17 17:40:16,542 - INFO - Blank Username Test Passed
2026-06-17 17:40:21,071 - INFO - Starting Blank Password Test
2026-06-17 17:40:22,118 - INFO - Entering Username : standard_user
2026-06-17 17:40:22,435 - INFO - Entering Password
2026-06-17 17:40:22,550 - INFO - Clicking Login Button
2026-06-17 17:40:22,667 - INFO - Verifying password required error
2026-06-17 17:40:22,708 - INFO - Blank Password Test Passed
2026-06-17 17:52:51,470 - INFO - Entering Username : standard_user
2026-06-17 17:52:51,757 - INFO - Entering Password
2026-06-17 17:52:51,901 - INFO - Clicking Login Button
2026-06-17 17:52:57,391 - INFO - Entering Username : standard_user
2026-06-17 17:52:57,787 - INFO - Entering Password
2026-06-17 17:52:57,988 - INFO - Clicking Login Button
2026-06-17 17:54:48,130 - INFO - Entering Username : standard_user
2026-06-17 17:54:48,413 - INFO - Entering Password
2026-06-17 17:54:48,597 - INFO - Clicking Login Button
2026-06-17 17:54:54,204 - INFO - Entering Username : standard_user
2026-06-17 17:54:54,572 - INFO - Entering Password
2026-06-17 17:54:54,749 - INFO - Clicking Login Button
2026-06-17 17:55:41,394 - INFO - Entering Username : standard_user
2026-06-17 17:55:42,321 - INFO - Entering Password
2026-06-17 17:55:42,457 - INFO - Clicking Login Button
2026-06-17 17:55:47,374 - INFO - Entering Username : standard_user
2026-06-17 17:55:48,356 - INFO - Entering Password
2026-06-17 17:55:48,529 - INFO - Clicking Login Button
2026-06-17 18:00:02,262 - INFO - Entering Username : standard_user
2026-06-17 18:00:03,213 - INFO - Entering Password
2026-06-17 18:00:03,395 - INFO - Clicking Login Button
2026-06-17 18:00:08,482 - INFO - Entering Username : standard_user
2026-06-17 18:00:09,460 - INFO - Entering Password
2026-06-17 18:00:09,655 - INFO - Clicking Login Button
2026-06-17 18:04:06,720 - INFO - Entering Username : standard_user
2026-06-17 18:04:07,029 - INFO - Entering Password
2026-06-17 18:04:07,179 - INFO - Clicking Login Button
2026-06-17 18:04:13,141 - INFO - Entering Username : standard_user
2026-06-17 18:04:13,591 - INFO - Entering Password
2026-06-17 18:04:13,743 - INFO - Clicking Login Button
2026-06-17 18:07:35,066 - INFO - Entering Username : standard_user
2026-06-17 18:07:35,468 - INFO - Entering Password
2026-06-17 18:07:35,611 - INFO - Clicking Login Button
2026-06-17 18:07:41,110 - INFO - Entering Username : standard_user
2026-06-17 18:07:41,451 - INFO - Entering Password
2026-06-17 18:07:41,597 - INFO - Clicking Login Button
2026-06-17 18:09:31,045 - INFO - Entering Username : standard_user
2026-06-17 18:09:32,044 - INFO - Entering Password
2026-06-17 18:09:32,211 - INFO - Clicking Login Button
2026-06-17 18:09:37,560 - INFO - Entering Username : standard_user
2026-06-17 18:09:37,922 - INFO - Entering Password
2026-06-17 18:09:38,154 - INFO - Clicking Login Button
2026-06-17 18:13:53,366 - INFO - Entering Username : standard_user
2026-06-17 18:13:55,314 - INFO - Entering Password
2026-06-17 18:13:55,460 - INFO - Clicking Login Button
2026-06-17 18:14:01,226 - INFO - Entering Username : standard_user
2026-06-17 18:14:01,478 - INFO - Entering Password
2026-06-17 18:14:01,648 - INFO - Clicking Login Button
2026-06-17 19:13:51,218 - INFO - Entering Username : standard_user
2026-06-17 19:13:51,473 - INFO - Entering Password
2026-06-17 19:13:51,634 - INFO - Clicking Login Button
2026-06-17 19:13:57,731 - INFO - Entering Username : standard_user
2026-06-17 19:13:58,131 - INFO - Entering Password
2026-06-17 19:13:58,278 - INFO - Clicking Login Button
2026-06-17 19:19:34,242 - INFO - Entering Username : standard_user
2026-06-17 19:19:34,485 - INFO - Entering Password
2026-06-17 19:19:34,634 - INFO - Clicking Login Button
2026-06-17 19:19:40,214 - INFO - Entering Username : standard_user
2026-06-17 19:19:40,642 - INFO - Entering Password
2026-06-17 19:19:40,824 - INFO - Clicking Login Button
2026-06-17 19:24:33,545 - INFO - Entering Username : standard_user
2026-06-17 19:24:33,962 - INFO - Entering Password
2026-06-17 19:24:34,173 - INFO - Clicking Login Button
2026-06-17 19:24:34,788 - INFO - Entering checkout details
2026-06-17 19:24:35,423 - INFO - Clicking Continue Button
2026-06-17 19:24:35,626 - INFO - Clicking Finish Button
2026-06-17 19:31:03,446 - INFO - Starting Valid Login Test
2026-06-17 19:31:04,194 - INFO - Entering valid credentials
2026-06-17 19:31:04,195 - INFO - Entering Username : standard_user
2026-06-17 19:31:04,567 - INFO - Entering Password
2026-06-17 19:31:04,713 - INFO - Clicking Login Button
2026-06-17 19:31:04,918 - INFO - Verifying successful login
2026-06-17 19:31:04,945 - INFO - Valid Login Test Passed
2026-06-17 19:31:16,057 - INFO - Starting Valid Login Test
2026-06-17 19:31:16,507 - INFO - Entering valid credentials
2026-06-17 19:31:16,508 - INFO - Entering Username : standard_user
2026-06-17 19:31:17,436 - INFO - Entering Password
2026-06-17 19:31:17,600 - INFO - Clicking Login Button
2026-06-17 19:31:17,824 - INFO - Verifying successful login
2026-06-17 19:31:17,838 - INFO - Valid Login Test Passed
2026-06-17 19:31:27,393 - INFO - Entering Username : standard_user
2026-06-17 19:31:27,702 - INFO - Entering Password
2026-06-17 19:31:27,853 - INFO - Clicking Login Button
2026-06-17 19:34:46,132 - INFO - Entering Username : standard_user
2026-06-17 19:34:46,407 - INFO - Entering Password
2026-06-17 19:34:46,568 - INFO - Clicking Login Button
2026-06-17 19:46:11,308 - INFO - Entering Username : standard_user
2026-06-17 19:46:11,623 - INFO - Entering Password
2026-06-17 19:46:11,867 - INFO - Clicking Login Button
2026-06-17 19:46:27,441 - INFO - Entering Username : standard_user
2026-06-17 19:46:28,419 - INFO - Entering Password
2026-06-17 19:46:28,572 - INFO - Clicking Login Button
2026-06-17 19:46:33,238 - INFO - Starting Valid Login Test
2026-06-17 19:46:34,107 - INFO - Entering valid credentials
2026-06-17 19:46:34,108 - INFO - Entering Username : standard_user
2026-06-17 19:46:34,542 - INFO - Entering Password
2026-06-17 19:46:34,706 - INFO - Clicking Login Button
2026-06-17 19:46:34,934 - INFO - Verifying successful login
2026-06-17 19:46:34,947 - INFO - Valid Login Test Passed
2026-06-17 19:47:02,857 - INFO - Entering Username : standard_user
2026-06-17 19:47:03,303 - INFO - Entering Password
2026-06-17 19:47:03,531 - INFO - Clicking Login Button
2026-06-17 19:47:10,687 - INFO - Entering Username : standard_user
2026-06-17 19:47:11,103 - INFO - Entering Password
2026-06-17 19:47:11,253 - INFO - Clicking Login Button
2026-06-17 19:47:29,299 - INFO - Entering Username : standard_user
2026-06-17 19:47:29,595 - INFO - Entering Password
2026-06-17 19:47:29,750 - INFO - Clicking Login Button
2026-06-17 19:47:36,390 - INFO - Entering Username : standard_user
2026-06-17 19:47:36,779 - INFO - Entering Password
2026-06-17 19:47:36,918 - INFO - Clicking Login Button
2026-06-17 19:47:43,791 - INFO - Entering Username : standard_user
2026-06-17 19:47:44,152 - INFO - Entering Password
2026-06-17 19:47:44,291 - INFO - Clicking Login Button
2026-06-17 19:47:57,192 - INFO - Starting Valid Login Test
2026-06-17 19:47:58,087 - INFO - Entering valid credentials
2026-06-17 19:47:58,087 - INFO - Entering Username : standard_user
2026-06-17 19:47:58,355 - INFO - Entering Password
2026-06-17 19:47:58,506 - INFO - Clicking Login Button
2026-06-17 19:47:58,723 - INFO - Verifying successful login
2026-06-17 19:47:58,732 - INFO - Valid Login Test Passed
2026-06-17 19:48:04,268 - INFO - Starting Invalid Login Test
2026-06-17 19:48:05,155 - INFO - Entering invalid credentials
2026-06-17 19:48:05,157 - INFO - Entering Username : wrong_user
2026-06-17 19:48:05,560 - INFO - Entering Password
2026-06-17 19:48:05,761 - INFO - Clicking Login Button
2026-06-17 19:48:05,906 - INFO - Verifying error message
2026-06-17 19:48:05,947 - INFO - Invalid Login Test Passed
2026-06-17 19:48:11,507 - INFO - Starting Blank Username Test
2026-06-17 19:48:12,288 - INFO - Entering Username : 
2026-06-17 19:48:12,665 - INFO - Entering Password
2026-06-17 19:48:12,823 - INFO - Clicking Login Button
2026-06-17 19:48:12,959 - INFO - Verifying username required error
2026-06-17 19:48:13,003 - INFO - Blank Username Test Passed
2026-06-17 19:48:18,790 - INFO - Starting Blank Password Test
2026-06-17 19:48:19,018 - INFO - Entering Username : standard_user
2026-06-17 19:48:20,116 - INFO - Entering Password
2026-06-17 19:48:20,225 - INFO - Clicking Login Button
2026-06-17 19:48:20,327 - INFO - Verifying password required error
2026-06-17 19:48:20,363 - INFO - Blank Password Test Passed
2026-06-17 19:56:13,847 - INFO - Entering Username : standard_user
2026-06-17 19:56:14,198 - INFO - Entering Password
2026-06-17 19:56:14,396 - INFO - Clicking Login Button
2026-06-17 19:56:21,963 - INFO - Entering Username : standard_user
2026-06-17 19:56:22,261 - INFO - Entering Password
2026-06-17 19:56:22,448 - INFO - Clicking Login Button
2026-06-17 19:57:41,438 - INFO - Entering Username : standard_user
2026-06-17 19:57:42,678 - INFO - Entering Password
2026-06-17 19:57:42,886 - INFO - Clicking Login Button
2026-06-17 19:57:50,988 - INFO - Entering Username : standard_user
2026-06-17 19:57:51,327 - INFO - Entering Password
2026-06-17 19:57:51,481 - INFO - Clicking Login Button
2026-06-17 20:03:44,211 - INFO - Entering Username : standard_user
2026-06-17 20:03:44,456 - INFO - Entering Password
2026-06-17 20:03:44,636 - INFO - Clicking Login Button
2026-06-17 20:03:51,453 - INFO - Entering Username : standard_user
2026-06-17 20:03:51,873 - INFO - Entering Password
2026-06-17 20:03:52,032 - INFO - Clicking Login Button
2026-06-17 20:07:38,902 - INFO - Entering Username : standard_user
2026-06-17 20:07:39,148 - INFO - Entering Password
2026-06-17 20:07:39,333 - INFO - Clicking Login Button
2026-06-17 20:07:46,351 - INFO - Entering Username : standard_user
2026-06-17 20:07:46,747 - INFO - Entering Password
2026-06-17 20:07:46,926 - INFO - Clicking Login Button
2026-06-18 18:30:22,045 - INFO - Entering Username : standard_user
2026-06-18 18:30:22,449 - INFO - Entering Password
2026-06-18 18:30:22,662 - INFO - Clicking Login Button
2026-06-18 18:30:33,027 - INFO - Entering Username : standard_user
2026-06-18 18:30:33,311 - INFO - Entering Password
2026-06-18 18:30:33,498 - INFO - Clicking Login Button
2026-06-18 18:36:54,630 - INFO - Entering Username : standard_user
2026-06-18 18:36:54,912 - INFO - Entering Password
2026-06-18 18:36:55,132 - INFO - Clicking Login Button
2026-06-18 18:37:02,833 - INFO - Entering Username : standard_user
2026-06-18 18:37:03,218 - INFO - Entering Password
2026-06-18 18:37:03,387 - INFO - Clicking Login Button
2026-06-18 18:45:58,441 - INFO - Entering Username : standard_user
2026-06-18 18:45:58,839 - INFO - Entering Password
2026-06-18 18:45:58,980 - INFO - Clicking Login Button
2026-06-18 18:46:04,519 - INFO - Entering Username : standard_user
2026-06-18 18:46:04,821 - INFO - Entering Password
2026-06-18 18:46:04,963 - INFO - Clicking Login Button
2026-06-18 18:46:18,823 - INFO - Entering Username : standard_user
2026-06-18 18:46:19,065 - INFO - Entering Password
2026-06-18 18:46:19,218 - INFO - Clicking Login Button
2026-06-18 18:46:19,863 - INFO - Entering checkout details
2026-06-18 18:46:20,465 - INFO - Clicking Continue Button
2026-06-18 18:46:20,568 - INFO - Clicking Finish Button
2026-06-18 18:46:35,560 - INFO - Entering Username : standard_user
2026-06-18 18:46:35,895 - INFO - Entering Password
2026-06-18 18:46:36,071 - INFO - Clicking Login Button
2026-06-18 18:46:41,188 - INFO - Entering Username : standard_user
2026-06-18 18:46:41,570 - INFO - Entering Password
2026-06-18 18:46:41,747 - INFO - Clicking Login Button
2026-06-18 18:46:51,472 - INFO - Starting Valid Login Test
2026-06-18 18:46:52,755 - INFO - Entering valid credentials
2026-06-18 18:46:52,756 - INFO - Entering Username : standard_user
2026-06-18 18:46:52,951 - INFO - Entering Password
2026-06-18 18:46:53,088 - INFO - Clicking Login Button
2026-06-18 18:46:53,283 - INFO - Verifying successful login
2026-06-18 18:46:53,293 - INFO - Valid Login Test Passed
2026-06-18 18:46:57,260 - INFO - Starting Invalid Login Test
2026-06-18 18:46:58,285 - INFO - Entering invalid credentials
2026-06-18 18:46:58,285 - INFO - Entering Username : wrong_user
2026-06-18 18:46:58,556 - INFO - Entering Password
2026-06-18 18:46:58,731 - INFO - Clicking Login Button
2026-06-18 18:46:58,872 - INFO - Verifying error message
2026-06-18 18:46:58,912 - INFO - Invalid Login Test Passed
2026-06-18 18:47:02,901 - INFO - Starting Blank Username Test
2026-06-18 18:47:03,467 - INFO - Entering Username : 
2026-06-18 18:47:04,587 - INFO - Entering Password
2026-06-18 18:47:04,734 - INFO - Clicking Login Button
2026-06-18 18:47:04,839 - INFO - Verifying username required error
2026-06-18 18:47:04,873 - INFO - Blank Username Test Passed
2026-06-18 18:47:08,906 - INFO - Starting Blank Password Test
2026-06-18 18:47:15,016 - INFO - Entering Username : standard_user
2026-06-18 18:47:28,560 - INFO - Entering Password
2026-06-18 18:47:28,667 - INFO - Clicking Login Button
2026-06-18 18:47:28,787 - INFO - Verifying password required error
2026-06-18 18:47:28,824 - INFO - Blank Password Test Passed
2026-06-18 18:53:12,571 - INFO - Entering Username : standard_user
2026-06-18 18:53:12,799 - INFO - Entering Password
2026-06-18 18:53:12,998 - INFO - Clicking Login Button
2026-06-18 18:53:18,093 - INFO - Entering Username : standard_user
2026-06-18 18:53:18,500 - INFO - Entering Password
2026-06-18 18:53:18,659 - INFO - Clicking Login Button
2026-06-18 18:53:33,971 - INFO - Entering Username : standard_user
2026-06-18 18:53:34,389 - INFO - Entering Password
2026-06-18 18:53:34,541 - INFO - Clicking Login Button
2026-06-18 18:53:50,174 - INFO - Entering Username : standard_user
2026-06-18 18:53:50,413 - INFO - Entering Password
2026-06-18 18:53:50,598 - INFO - Clicking Login Button
2026-06-18 18:53:54,852 - INFO - Entering Username : standard_user
2026-06-18 18:53:55,933 - INFO - Entering Password
2026-06-18 18:53:56,082 - INFO - Clicking Login Button
2026-06-18 18:54:04,904 - INFO - Starting Valid Login Test
2026-06-18 18:54:05,788 - INFO - Entering valid credentials
2026-06-18 18:54:05,788 - INFO - Entering Username : standard_user
2026-06-18 18:54:06,189 - INFO - Entering Password
2026-06-18 18:54:06,368 - INFO - Clicking Login Button
2026-06-18 18:54:06,567 - INFO - Verifying successful login
2026-06-18 18:54:06,596 - INFO - Valid Login Test Passed
2026-06-18 18:54:10,852 - INFO - Starting Invalid Login Test
2026-06-18 18:54:11,688 - INFO - Entering invalid credentials
2026-06-18 18:54:11,689 - INFO - Entering Username : wrong_user
2026-06-18 18:54:11,890 - INFO - Entering Password
2026-06-18 18:54:12,082 - INFO - Clicking Login Button
2026-06-18 18:54:12,213 - INFO - Verifying error message
2026-06-18 18:54:12,244 - INFO - Invalid Login Test Passed
2026-06-18 18:54:16,095 - INFO - Starting Blank Username Test
2026-06-18 18:54:16,967 - INFO - Entering Username : 
2026-06-18 18:54:17,156 - INFO - Entering Password
2026-06-18 18:54:17,335 - INFO - Clicking Login Button
2026-06-18 18:54:17,447 - INFO - Verifying username required error
2026-06-18 18:54:17,487 - INFO - Blank Username Test Passed
2026-06-18 18:54:21,189 - INFO - Starting Blank Password Test
2026-06-18 18:54:21,979 - INFO - Entering Username : standard_user
2026-06-18 18:54:22,400 - INFO - Entering Password
2026-06-18 18:54:22,507 - INFO - Clicking Login Button
2026-06-18 18:54:22,630 - INFO - Verifying password required error
2026-06-18 18:54:22,671 - INFO - Blank Password Test Passed
2026-06-18 18:57:02,923 - INFO - Entering Username : standard_user
2026-06-18 18:57:03,165 - INFO - Entering Password
2026-06-18 18:57:03,367 - INFO - Clicking Login Button
2026-06-18 18:57:09,290 - INFO - Entering Username : standard_user
2026-06-18 18:57:10,400 - INFO - Entering Password
2026-06-18 18:57:10,557 - INFO - Clicking Login Button
2026-06-18 18:57:27,997 - INFO - Entering Username : standard_user
2026-06-18 18:57:28,318 - INFO - Entering Password
2026-06-18 18:57:28,511 - INFO - Clicking Login Button
2026-06-18 18:57:45,464 - INFO - Entering Username : standard_user
2026-06-18 18:57:45,854 - INFO - Entering Password
2026-06-18 18:57:46,071 - INFO - Clicking Login Button
2026-06-18 18:57:53,101 - INFO - Entering Username : standard_user
2026-06-18 18:57:53,405 - INFO - Entering Password
2026-06-18 18:57:53,599 - INFO - Clicking Login Button
2026-06-18 18:58:04,074 - INFO - Starting Valid Login Test
2026-06-18 18:58:05,590 - INFO - Entering valid credentials
2026-06-18 18:58:05,590 - INFO - Entering Username : standard_user
2026-06-18 18:58:05,898 - INFO - Entering Password
2026-06-18 18:58:06,096 - INFO - Clicking Login Button
2026-06-18 18:58:06,357 - INFO - Verifying successful login
2026-06-18 18:58:06,384 - INFO - Valid Login Test Passed
2026-06-18 18:58:10,816 - INFO - Starting Invalid Login Test
2026-06-18 18:58:11,772 - INFO - Entering invalid credentials
2026-06-18 18:58:11,774 - INFO - Entering Username : wrong_user
2026-06-18 18:58:12,023 - INFO - Entering Password
2026-06-18 18:58:12,219 - INFO - Clicking Login Button
2026-06-18 18:58:12,365 - INFO - Verifying error message
2026-06-18 18:58:12,404 - INFO - Invalid Login Test Passed
2026-06-18 18:58:16,107 - INFO - Starting Blank Username Test
2026-06-18 18:58:17,561 - INFO - Entering Username : 
2026-06-18 18:58:17,934 - INFO - Entering Password
2026-06-18 18:58:18,141 - INFO - Clicking Login Button
2026-06-18 18:58:18,363 - INFO - Verifying username required error
2026-06-18 18:58:18,423 - INFO - Blank Username Test Passed
2026-06-18 18:58:22,662 - INFO - Starting Blank Password Test
2026-06-18 18:58:24,000 - INFO - Entering Username : standard_user
2026-06-18 18:58:24,303 - INFO - Entering Password
2026-06-18 18:58:24,456 - INFO - Clicking Login Button
2026-06-18 18:58:24,620 - INFO - Verifying password required error
2026-06-18 18:58:24,662 - INFO - Blank Password Test Passed
2026-06-18 19:52:19,764 - INFO - Entering Username : standard_user
2026-06-18 19:52:20,784 - INFO - Entering Password
2026-06-18 19:52:20,928 - INFO - Clicking Login Button
2026-06-18 19:52:26,346 - INFO - Entering Username : standard_user
2026-06-18 19:52:26,582 - INFO - Entering Password
2026-06-18 19:52:26,808 - INFO - Clicking Login Button
2026-06-18 19:54:08,673 - INFO - Entering Username : standard_user
2026-06-18 19:54:08,949 - INFO - Entering Password
2026-06-18 19:54:09,137 - INFO - Clicking Login Button
2026-06-18 19:54:14,311 - INFO - Entering Username : standard_user
2026-06-18 19:54:14,646 - INFO - Entering Password
2026-06-18 19:54:14,788 - INFO - Clicking Login Button
2026-06-18 19:54:34,531 - INFO - Entering Username : standard_user
2026-06-18 19:54:34,940 - INFO - Entering Password
2026-06-18 19:54:35,147 - INFO - Clicking Login Button
2026-06-18 19:54:39,918 - INFO - Entering Username : standard_user
2026-06-18 19:54:40,336 - INFO - Entering Password
2026-06-18 19:54:40,488 - INFO - Clicking Login Button
2026-06-18 19:54:45,437 - INFO - Entering Username : standard_user
2026-06-18 19:54:45,789 - INFO - Entering Password
2026-06-18 19:54:45,950 - INFO - Clicking Login Button
2026-06-18 19:54:46,402 - INFO - Entering checkout details
2026-06-18 19:54:46,701 - INFO - Clicking Continue Button
2026-06-18 19:54:51,422 - INFO - Entering Username : standard_user
2026-06-18 19:54:51,806 - INFO - Entering Password
2026-06-18 19:54:51,957 - INFO - Clicking Login Button
2026-06-18 19:54:56,712 - INFO - Entering Username : standard_user
2026-06-18 19:54:57,141 - INFO - Entering Password
2026-06-18 19:54:57,289 - INFO - Clicking Login Button
2026-06-18 19:55:05,810 - INFO - Starting Valid Login Test
2026-06-18 19:55:06,766 - INFO - Entering valid credentials
2026-06-18 19:55:06,767 - INFO - Entering Username : standard_user
2026-06-18 19:55:07,172 - INFO - Entering Password
2026-06-18 19:55:07,321 - INFO - Clicking Login Button
2026-06-18 19:55:07,455 - INFO - Verifying successful login
2026-06-18 19:55:07,477 - INFO - Valid Login Test Passed
2026-06-18 19:55:10,993 - INFO - Starting Invalid Login Test
2026-06-18 19:55:11,981 - INFO - Entering invalid credentials
2026-06-18 19:55:11,981 - INFO - Entering Username : wrong_user
2026-06-18 19:55:12,338 - INFO - Entering Password
2026-06-18 19:55:12,512 - INFO - Clicking Login Button
2026-06-18 19:55:12,594 - INFO - Verifying error message
2026-06-18 19:55:12,630 - INFO - Invalid Login Test Passed
2026-06-18 19:55:16,229 - INFO - Starting Blank Username Test
2026-06-18 19:55:17,132 - INFO - Entering Username : 
2026-06-18 19:55:17,486 - INFO - Entering Password
2026-06-18 19:55:17,643 - INFO - Clicking Login Button
2026-06-18 19:55:17,698 - INFO - Verifying username required error
2026-06-18 19:55:17,733 - INFO - Blank Username Test Passed
2026-06-18 19:55:21,290 - INFO - Starting Blank Password Test
2026-06-18 19:55:22,213 - INFO - Entering Username : standard_user
2026-06-18 19:55:22,635 - INFO - Entering Password
2026-06-18 19:55:22,742 - INFO - Clicking Login Button
2026-06-18 19:55:22,793 - INFO - Verifying password required error
2026-06-18 19:55:22,833 - INFO - Blank Password Test Passed
2026-06-18 20:00:24,755 - INFO - Entering Username : standard_user
2026-06-18 20:00:25,016 - INFO - Entering Password
2026-06-18 20:00:25,193 - INFO - Clicking Login Button
2026-06-18 20:00:25,647 - INFO - Entering checkout details
2026-06-18 20:00:26,012 - INFO - Clicking Continue Button
2026-06-18 20:06:33,989 - INFO - Entering Username : standard_user
2026-06-18 20:06:34,236 - INFO - Entering Password
2026-06-18 20:06:34,432 - INFO - Clicking Login Button
2026-06-18 20:06:34,923 - INFO - Entering checkout details
2026-06-18 20:06:35,560 - INFO - Clicking Continue Button
2026-06-18 20:06:35,762 - INFO - Clicking Finish Button
2026-06-18 20:11:09,978 - INFO - Entering Username : standard_user
2026-06-18 20:11:12,309 - INFO - Entering Password
2026-06-18 20:11:12,463 - INFO - Clicking Login Button
2026-06-18 20:11:17,428 - INFO - Entering Username : standard_user
2026-06-18 20:11:17,786 - INFO - Entering Password
2026-06-18 20:11:17,937 - INFO - Clicking Login Button
2026-06-18 20:11:31,353 - INFO - Entering Username : standard_user
2026-06-18 20:11:31,668 - INFO - Entering Password
2026-06-18 20:11:31,851 - INFO - Clicking Login Button
2026-06-18 20:11:37,022 - INFO - Entering Username : standard_user
2026-06-18 20:11:37,257 - INFO - Entering Password
2026-06-18 20:11:37,432 - INFO - Clicking Login Button
2026-06-18 20:11:42,811 - INFO - Entering Username : standard_user
2026-06-18 20:11:43,056 - INFO - Entering Password
2026-06-18 20:11:43,221 - INFO - Clicking Login Button
2026-06-18 20:11:43,717 - INFO - Entering checkout details
2026-06-18 20:11:44,342 - INFO - Clicking Continue Button
2026-06-18 20:11:44,537 - INFO - Clicking Finish Button
2026-06-18 20:11:49,290 - INFO - Entering Username : standard_user
2026-06-18 20:11:49,578 - INFO - Entering Password
2026-06-18 20:11:49,763 - INFO - Clicking Login Button
2026-06-18 20:11:54,495 - INFO - Entering Username : standard_user
2026-06-18 20:11:54,903 - INFO - Entering Password
2026-06-18 20:11:55,082 - INFO - Clicking Login Button
2026-06-18 20:12:04,059 - INFO - Starting Valid Login Test
2026-06-18 20:12:05,124 - INFO - Entering valid credentials
2026-06-18 20:12:05,125 - INFO - Entering Username : standard_user
2026-06-18 20:12:05,367 - INFO - Entering Password
2026-06-18 20:12:05,533 - INFO - Clicking Login Button
2026-06-18 20:12:05,689 - INFO - Verifying successful login
2026-06-18 20:12:05,718 - INFO - Valid Login Test Passed
2026-06-18 20:12:09,313 - INFO - Starting Invalid Login Test
2026-06-18 20:12:11,033 - INFO - Entering invalid credentials
2026-06-18 20:12:11,034 - INFO - Entering Username : wrong_user
2026-06-18 20:12:11,256 - INFO - Entering Password
2026-06-18 20:12:11,425 - INFO - Clicking Login Button
2026-06-18 20:12:11,501 - INFO - Verifying error message
2026-06-18 20:12:11,534 - INFO - Invalid Login Test Passed
2026-06-18 20:12:14,942 - INFO - Starting Blank Username Test
2026-06-18 20:12:16,151 - INFO - Entering Username : 
2026-06-18 20:12:16,484 - INFO - Entering Password
2026-06-18 20:12:16,637 - INFO - Clicking Login Button
2026-06-18 20:12:16,690 - INFO - Verifying username required error
2026-06-18 20:12:16,729 - INFO - Blank Username Test Passed
2026-06-18 20:12:20,263 - INFO - Starting Blank Password Test
2026-06-18 20:12:21,204 - INFO - Entering Username : standard_user
2026-06-18 20:12:21,612 - INFO - Entering Password
2026-06-18 20:12:21,724 - INFO - Clicking Login Button
2026-06-18 20:12:21,777 - INFO - Verifying password required error
2026-06-18 20:12:21,814 - INFO - Blank Password Test Passed
2026-06-18 20:13:25,158 - INFO - Entering Username : standard_user
2026-06-18 20:13:25,593 - INFO - Entering Password
2026-06-18 20:13:25,775 - INFO - Clicking Login Button
2026-06-18 20:13:30,796 - INFO - Entering Username : standard_user
2026-06-18 20:13:31,165 - INFO - Entering Password
2026-06-18 20:13:31,349 - INFO - Clicking Login Button
2026-06-18 20:13:35,919 - INFO - Entering Username : standard_user
2026-06-18 20:13:36,765 - INFO - Entering Password
2026-06-18 20:13:36,924 - INFO - Clicking Login Button
2026-06-18 20:13:37,370 - INFO - Entering checkout details
2026-06-18 20:13:37,814 - INFO - Clicking Continue Button
2026-06-18 20:13:38,022 - INFO - Clicking Finish Button
2026-06-18 20:13:42,857 - INFO - Entering Username : standard_user
2026-06-18 20:13:43,139 - INFO - Entering Password
2026-06-18 20:13:43,290 - INFO - Clicking Login Button
2026-06-18 20:13:48,276 - INFO - Entering Username : standard_user
2026-06-18 20:13:48,648 - INFO - Entering Password
2026-06-18 20:13:48,801 - INFO - Clicking Login Button
2026-06-18 20:13:57,442 - INFO - Starting Valid Login Test
2026-06-18 20:13:58,372 - INFO - Entering valid credentials
2026-06-18 20:13:58,373 - INFO - Entering Username : standard_user
2026-06-18 20:13:58,793 - INFO - Entering Password
2026-06-18 20:13:58,959 - INFO - Clicking Login Button
2026-06-18 20:13:59,103 - INFO - Verifying successful login
2026-06-18 20:13:59,135 - INFO - Valid Login Test Passed
2026-06-18 20:14:02,718 - INFO - Starting Invalid Login Test
2026-06-18 20:14:03,686 - INFO - Entering invalid credentials
2026-06-18 20:14:03,687 - INFO - Entering Username : wrong_user
2026-06-18 20:14:04,081 - INFO - Entering Password
2026-06-18 20:14:04,229 - INFO - Clicking Login Button
2026-06-18 20:14:04,298 - INFO - Verifying error message
2026-06-18 20:14:04,338 - INFO - Invalid Login Test Passed
2026-06-18 20:14:07,886 - INFO - Starting Blank Username Test
2026-06-18 20:14:08,890 - INFO - Entering Username : 
2026-06-18 20:14:09,197 - INFO - Entering Password
2026-06-18 20:14:09,352 - INFO - Clicking Login Button
2026-06-18 20:14:09,406 - INFO - Verifying username required error
2026-06-18 20:14:09,442 - INFO - Blank Username Test Passed
2026-06-18 20:14:13,022 - INFO - Starting Blank Password Test
2026-06-18 20:14:13,993 - INFO - Entering Username : standard_user
2026-06-18 20:14:14,414 - INFO - Entering Password
2026-06-18 20:14:14,528 - INFO - Clicking Login Button
2026-06-18 20:14:14,580 - INFO - Verifying password required error
2026-06-18 20:14:14,616 - INFO - Blank Password Test Passed
